[RUN part3/4] scenes=Lucy XYZDragon
[RUN part3/4] MODE=rim
[RUN part3/4] KINDS=rim_full
[RUN part3/4] LOG2_HASHMAP_SIZES=14 14.5 15
[RUN part3/4] RIM_ITERS=20
[RUN part3/4] RIM_INFORMATION_METRIC=entropy
[RUN part3/4] RIM_FALLBACK_MODE=blockwise
[RUN part3/4] OUT_ROOT=outputs/sdf_stanford7_allkinds_part3_metricfix
[RUN part3/4] LOG_ROOT=outputs/sdf_stanford7_allkinds_part3_metricfix/logs
[LOG] Lucy log2=14 rim_full: outputs/sdf_stanford7_allkinds_part3_metricfix/logs/log2_14/Lucy_log2_14_rim_full.txt
[SCENE] Lucy
[KIND] rim_full
[MESH] data/sdf/Lucy_nrml.obj
[LOG2_HASHMAP_SIZE_INPUT] 14
[OUT_DIR] outputs/sdf_stanford7_allkinds_part3_metricfix/log2_14/Lucy/rim_full
[ENCODER] rim_full
[RIM_GATE_MODE] trainable
[RIM_ITERS] 20
[RIM_INFORMATION_METRIC] entropy
[RIM_FALLBACK_MODE] blockwise
[RUN_ALIAS] Lucy-log2_14
Sat Jul 11 02:08:49 PM EDT 2026
/home/l44ye/.conda/envs/INR/lib/python3.11/site-packages/torchmetrics/utilities/prints.py:62: FutureWarning: Importing `MultiScaleStructuralSimilarityIndexMeasure` from `torchmetrics` was deprecated and will be removed in 2.0. Import `MultiScaleStructuralSimilarityIndexMeasure` from `torchmetrics.image` instead.
  _future_warning(
[RIM-SDF] --log2_hashmap_size=14 => hash table size=round(2^14)=16384
Using device: cuda; dataset device: cpu
[WARN] mesh is not watertight; SDF signs may be noisy.
[RIM-SDF] estimating 3D cube-band information
[RIM-SDF] info tensor: A=(512, 77) cube_dims=(8, 8, 8) candidates=77 levels=15
[RIM-SDF] init setup: cubes=512 dims=(8, 8, 8), bands=77, levels=15, candidates=77, max_iters=20, tol=1e-06, scheduler=geometric, gate_solver=prefix_fallback, mode=rim_full, device=cuda
[RIM-SDF] init start partition=[(0, 3), (4, 6), (7, 10), (11, 15), (16, 19), (20, 24), (25, 28), (29, 33), (34, 39), (40, 44), (45, 50), (51, 56), (57, 62), (63, 69), (70, 76)] resolutions=[45, 81, 145, 256, 362, 500, 597, 726, 919, 1048, 1242, 1435, 1596, 1822, 2048]
[RIM-SDF] init iter 1/20: solving gates
[RIM-SDF] init iter 1/20: gate mean/min/max=0.0395/0.0000/1.0000; solving scheduler DP
[RIM-SDF] init iter 1/20: objective=2360.1, improvement=n/a, partition=[(0, 2), (3, 4), (5, 7), (8, 10), (11, 12), (13, 13), (14, 15), (16, 16), (17, 17), (18, 20), (21, 22), (23, 26), (27, 33), (34, 44), (45, 76)], resolutions=[32, 48, 91, 145, 181, 210, 256, 274, 306, 371, 435, 532, 726, 1048, 2048]
[RIM-SDF] init iter 2/20: solving gates
[RIM-SDF] init iter 2/20: gate mean/min/max=0.0977/0.0000/1.0000; solving scheduler DP
[RIM-SDF] init iter 2/20: objective=3279, improvement=918.898, partition=[(0, 1), (2, 4), (5, 5), (6, 7), (8, 9), (10, 10), (11, 12), (13, 13), (14, 15), (16, 16), (17, 17), (18, 20), (21, 25), (26, 33), (34, 76)], resolutions=[23, 48, 64, 91, 128, 145, 181, 210, 256, 274, 306, 371, 512, 726, 2048]
[RIM-SDF] init iter 3/20: solving gates
[RIM-SDF] init iter 3/20: gate mean/min/max=0.1169/0.0000/1.0000; solving scheduler DP
[RIM-SDF] init iter 3/20: objective=3621.99, improvement=342.988, partition=[(0, 1), (2, 2), (3, 4), (5, 5), (6, 7), (8, 9), (10, 10), (11, 12), (13, 13), (14, 15), (16, 17), (18, 20), (21, 25), (26, 33), (34, 76)], resolutions=[23, 32, 48, 64, 91, 128, 145, 181, 210, 256, 306, 371, 512, 726, 2048]
[RIM-SDF] init iter 4/20: solving gates
[RIM-SDF] init iter 4/20: gate mean/min/max=0.1802/0.0000/1.0000; solving scheduler DP
[RIM-SDF] init iter 4/20: objective=4062.27, improvement=440.289, partition=[(0, 0), (1, 1), (2, 2), (3, 4), (5, 5), (6, 7), (8, 9), (10, 10), (11, 12), (13, 13), (14, 15), (16, 17), (18, 20), (21, 26), (27, 76)], resolutions=[16, 23, 32, 48, 64, 91, 128, 145, 181, 210, 256, 306, 371, 532, 2048]
[RIM-SDF] init iter 5/20: solving gates
[RIM-SDF] init iter 5/20: gate mean/min/max=0.2467/0.0000/1.0000; solving scheduler DP
[RIM-SDF] init iter 5/20: objective=4314.23, improvement=251.959, partition=[(0, 0), (1, 1), (2, 2), (3, 4), (5, 5), (6, 6), (7, 7), (8, 9), (10, 10), (11, 12), (13, 13), (14, 16), (17, 20), (21, 26), (27, 76)], resolutions=[16, 23, 32, 48, 64, 81, 91, 128, 145, 181, 210, 274, 371, 532, 2048]
[RIM-SDF] init iter 6/20: solving gates
[RIM-SDF] init iter 6/20: gate mean/min/max=0.2525/0.0000/1.0000; solving scheduler DP
[RIM-SDF] init iter 6/20: objective=4321.99, improvement=7.75591, partition=[(0, 0), (1, 1), (2, 2), (3, 4), (5, 5), (6, 6), (7, 7), (8, 8), (9, 9), (10, 10), (11, 12), (13, 15), (16, 20), (21, 26), (27, 76)], resolutions=[16, 23, 32, 48, 64, 81, 91, 113, 128, 145, 181, 256, 371, 532, 2048]
[RIM-SDF] init iter 7/20: solving gates
[RIM-SDF] init iter 7/20: gate mean/min/max=0.2547/0.0000/1.0000; solving scheduler DP
[RIM-SDF] init iter 7/20: objective=4323.08, improvement=1.09332, partition=[(0, 0), (1, 1), (2, 2), (3, 4), (5, 5), (6, 6), (7, 7), (8, 8), (9, 9), (10, 10), (11, 12), (13, 15), (16, 20), (21, 26), (27, 76)], resolutions=[16, 23, 32, 48, 64, 81, 91, 113, 128, 145, 181, 256, 371, 532, 2048]
[RIM-SDF] init converged at iter 7: partition unchanged
[RIM-SDF] init final: recomputing gates for selected partition
[RIM-SDF] init final: objective=4323.08, partition=[(0, 0), (1, 1), (2, 2), (3, 4), (5, 5), (6, 6), (7, 7), (8, 8), (9, 9), (10, 10), (11, 12), (13, 15), (16, 20), (21, 26), (27, 76)], resolutions=[16, 23, 32, 48, 64, 81, 91, 113, 128, 145, 181, 256, 371, 532, 2048]
[RIM-SDF] selected resolutions: [16, 23, 32, 48, 64, 81, 91, 113, 128, 145, 181, 256, 371, 532, 2048]
[RIM-SDF] avg gate per level: [1.0, 1.0, 0.9668, 0.3809, 0.1836, 0.0898, 0.0742, 0.041, 0.0352, 0.0234, 0.0137, 0.0059, 0.002, 0.002, 0.002]
INFO:RIM SDF Model Information
RIMSDFNGP(
  (encoder): RIMHashGrid3DEncoder(levels=15, features=2, hash_size=16384, resolutions=[16, 23, 32, 48]..., cube_dims=(8, 8, 8), gate_mode=trainable_sigmoid, fallback_mode=blockwise)
  (net): Sequential(
    (0): SirenLayer(
      (linear): Linear(in_features=30, out_features=64, bias=True)
      (activation): Sine()
    )
    (1): SirenLayer(
      (linear): Linear(in_features=64, out_features=64, bias=True)
      (activation): Sine()
    )
    (2): SirenLayer(
      (linear): Linear(in_features=64, out_features=64, bias=True)
      (activation): Sine()
    )
    (3): SirenLayer(
      (linear): Linear(in_features=64, out_features=64, bias=True)
      (activation): Sine()
    )
  )
  (last_layer): SirenLayer(
    (linear): Linear(in_features=64, out_features=1, bias=True)
    (activation): Sine()
  )
  (modulators): ModuleList(
    (0): modulator(
      (linear): Linear(in_features=3, out_features=64, bias=True)
      (act_fn): Sine()
    )
    (1-3): 3 x modulator(
      (linear): Linear(in_features=30, out_features=64, bias=True)
      (act_fn): Sine()
    )
  )
)
hash_grid params: [491520      0 491520]
decoder params: [np.int64(20737), np.int64(0), np.int64(20737)]
fallback params: [15360     0 15360]
gates params: [7680    0 7680]
effective_active_hash_capacity params: [     0.              0.         112971.42652619]
total params: [535297      0 535297]
[RIM-SDF] gate_mode=trainable_sigmoid fallback_mode=blockwise gate_trainable=True
Prepare dataset and dataloader
[WARN] mesh is not watertight! SDF maybe incorrect.
Load random points and SDF
[WARN] mesh is not watertight! SDF maybe incorrect.
Presample grid points and SDF
Load cached validation grid SDF
hg encoder.table torch.Size([15, 16384, 2])
hg encoder.fallback_table torch.Size([15, 512, 2])
gate encoder.gate_logits torch.Size([15, 512])
dec net.0.linear.weight torch.Size([64, 30])
dec net.0.linear.bias torch.Size([64])
dec net.1.linear.weight torch.Size([64, 64])
dec net.1.linear.bias torch.Size([64])
dec net.2.linear.weight torch.Size([64, 64])
dec net.2.linear.bias torch.Size([64])
dec net.3.linear.weight torch.Size([64, 64])
dec net.3.linear.bias torch.Size([64])
dec last_layer.linear.weight torch.Size([1, 64])
dec last_layer.linear.bias torch.Size([1])
dec modulators.0.linear.weight torch.Size([64, 3])
dec modulators.0.linear.bias torch.Size([64])
dec modulators.1.linear.weight torch.Size([64, 30])
dec modulators.1.linear.bias torch.Size([64])
dec modulators.2.linear.weight torch.Size([64, 30])
dec modulators.2.linear.bias torch.Size([64])
dec modulators.3.linear.weight torch.Size([64, 30])
dec modulators.3.linear.bias torch.Size([64])
[INFO] Trainer: Lucy-log2_14-rim_full | 2026-07-11_14-14-18 | cuda | fp32 | 
outputs/sdf_stanford7_allkinds_part3_metricfix/log2_14/Lucy/rim_full
[INFO] Training from scratch ...
   0% 0/20000 [00:00<?, ?it/s]Traceback (most recent call last):
  File "/home/l44ye/MetricGrids/train_sdf_rim.py", line 481, in <module>
    main()
  File "/home/l44ye/MetricGrids/train_sdf_rim.py", line 410, in main
    trainer.train(train_loader, valid_loader, max_steps=int(args.steps))
  File "/home/l44ye/MetricGrids/img_sdf/utils.py", line 183, in train
    shutil.copy(self.hparams.config_fp, 
    ^^^^^^^^^^^^^^^^^^^^^^^^^^^^^^^^^^^
  File "/home/l44ye/.conda/envs/INR/lib/python3.11/shutil.py", line 431, in copy
    copyfile(src, dst, follow_symlinks=follow_symlinks)
  File "/home/l44ye/.conda/envs/INR/lib/python3.11/shutil.py", line 258, in copyfile
    with open(dst, 'wb') as fdst:
         ^^^^^^^^^^^^^^^
FileNotFoundError: [Errno 2] No such file or directory: 'outputs/sdf_stanford7_allkinds_part3_metricfix/log2_14/Lucy/rim_full/run/Lucy-log2_14-rim_full/train_sdf_rim.py'
   0% 0/20000 [00:00<?, ?it/s]
[WARN] Lucy log2=14 rim_full: failed with status 1; continuing.
[LOG] Lucy log2=14.5 rim_full: outputs/sdf_stanford7_allkinds_part3_metricfix/logs/log2_14p5/Lucy_log2_14p5_rim_full.txt
[SCENE] Lucy
[KIND] rim_full
[MESH] data/sdf/Lucy_nrml.obj
[LOG2_HASHMAP_SIZE_INPUT] 14.5
[OUT_DIR] outputs/sdf_stanford7_allkinds_part3_metricfix/log2_14p5/Lucy/rim_full
[ENCODER] rim_full
[RIM_GATE_MODE] trainable
[RIM_ITERS] 20
[RIM_INFORMATION_METRIC] entropy
[RIM_FALLBACK_MODE] blockwise
[RUN_ALIAS] Lucy-log2_14p5
Sat Jul 11 02:14:28 PM EDT 2026
/home/l44ye/.conda/envs/INR/lib/python3.11/site-packages/torchmetrics/utilities/prints.py:62: FutureWarning: Importing `MultiScaleStructuralSimilarityIndexMeasure` from `torchmetrics` was deprecated and will be removed in 2.0. Import `MultiScaleStructuralSimilarityIndexMeasure` from `torchmetrics.image` instead.
  _future_warning(
[RIM-SDF] --log2_hashmap_size=14.5 => hash table size=round(2^14.5)=23170
Terminated
